<?xml version="1.0" encoding="UTF-8"?>
<!-- Generated by org.testng.reporters.JUnitReportReporter -->
<testsuite skipped="1" hostname="LAPTOP-9DSQ4N61" name="com.testng.features.Ignore_Concept" tests="4" failures="0" timestamp="2022-01-19T20:49:53 IST" time="0.017" errors="0">
  <testcase name="chicken" time="0.012" classname="com.testng.features.Ignore_Concept"/>
  <system-out/>
  <testcase name="potato" time="0.002" classname="com.testng.features.Ignore_Concept"/>
  <system-out/>
  <testcase name="shawarma" time="0.003" classname="com.testng.features.Ignore_Concept"/>
  <system-out/>
  <testcase name="mutton" classname="com.testng.features.Ignore_Concept">
    <skipped/>
  </testcase> <!-- mutton -->
  <system-out/>
</testsuite> <!-- com.testng.features.Ignore_Concept -->
