<?xml version="1.0" encoding="UTF-8"?>
<!-- Generated by org.testng.reporters.JUnitReportReporter -->
<testsuite skipped="0" hostname="LAPTOP-9DSQ4N61" name="com.testng.features.Timeout_Concept" tests="1" failures="0" timestamp="2022-01-19T21:20:13 IST" time="6.061" errors="0">
  <testcase name="demo" time="6.061" classname="com.testng.features.Timeout_Concept"/>
  <system-out/>
</testsuite> <!-- com.testng.features.Timeout_Concept -->
