<?xml version="1.0" encoding="UTF-8"?>
<!-- Generated by org.testng.reporters.JUnitReportReporter -->
<testsuite skipped="0" hostname="LAPTOP-9DSQ4N61" name="com.testng.features.Parameterized_Concept" tests="1" failures="0" timestamp="2022-01-21T20:50:02 IST" time="0.012" errors="0">
  <testcase name="credentials" time="0.012" classname="com.testng.features.Parameterized_Concept"/>
  <system-out/>
</testsuite> <!-- com.testng.features.Parameterized_Concept -->
