<?xml version="1.0" encoding="UTF-8"?>
<!-- Generated by org.testng.reporters.JUnitReportReporter -->
<testsuite skipped="0" hostname="LAPTOP-9DSQ4N61" name="com.testng.features.Grouping_Concept" tests="5" failures="0" timestamp="2022-01-19T21:11:20 IST" time="0.033" errors="0">
  <testcase name="orange" time="0.007" classname="com.testng.features.Grouping_Concept"/>
  <system-out/>
  <testcase name="potato" time="0.003" classname="com.testng.features.Grouping_Concept"/>
  <system-out/>
  <testcase name="beetroot" time="0.003" classname="com.testng.features.Grouping_Concept"/>
  <system-out/>
  <testcase name="apple" time="0.012" classname="com.testng.features.Grouping_Concept"/>
  <system-out/>
  <testcase name="carrot" time="0.008" classname="com.testng.features.Grouping_Concept"/>
  <system-out/>
</testsuite> <!-- com.testng.features.Grouping_Concept -->
