<?xml version="1.0" encoding="UTF-8"?>
<!-- Generated by org.testng.reporters.JUnitReportReporter -->
<testsuite skipped="0" hostname="LAPTOP-9DSQ4N61" name="com.testng.features.Hard_Assert_Concept" tests="1" failures="0" timestamp="2022-01-21T21:16:17 IST" time="0.015" errors="0">
  <testcase name="demo_Username" time="0.015" classname="com.testng.features.Hard_Assert_Concept"/>
  <system-out/>
</testsuite> <!-- com.testng.features.Hard_Assert_Concept -->
