<?xml version="1.0" encoding="UTF-8"?>
<!-- Generated by org.testng.reporters.JUnitReportReporter -->
<testsuite skipped="0" hostname="LAPTOP-9DSQ4N61" name="com.testng.features.Simple_Annotations" tests="5" failures="0" timestamp="2022-01-18T21:00:12 IST" time="0.037" errors="0">
  <testcase name="women" time="0.011" classname="com.testng.features.Simple_Annotations"/>
  <system-out/>
  <testcase name="men" time="0.006" classname="com.testng.features.Simple_Annotations"/>
  <system-out/>
  <testcase name="kids" time="0.008" classname="com.testng.features.Simple_Annotations"/>
  <system-out/>
  <testcase name="kids" time="0.006" classname="com.testng.features.Simple_Annotations"/>
  <system-out/>
  <testcase name="kids" time="0.006" classname="com.testng.features.Simple_Annotations"/>
  <system-out/>
</testsuite> <!-- com.testng.features.Simple_Annotations -->
