<?xml version="1.0" encoding="UTF-8"?>
<!-- Generated by org.testng.reporters.JUnitReportReporter -->
<testsuite skipped="0" hostname="LAPTOP-9DSQ4N61" name="com.testng.features.Dataprovider_Concept" tests="4" failures="0" timestamp="2022-01-21T21:13:35 IST" time="0.015" errors="0">
  <testcase name="credentials" time="0.002" classname="com.testng.features.Dataprovider_Concept"/>
  <system-out/>
  <testcase name="credentials" time="0.004" classname="com.testng.features.Dataprovider_Concept"/>
  <system-out/>
  <testcase name="credentials" time="0.008" classname="com.testng.features.Dataprovider_Concept"/>
  <system-out/>
  <testcase name="credentials" time="0.001" classname="com.testng.features.Dataprovider_Concept"/>
  <system-out/>
</testsuite> <!-- com.testng.features.Dataprovider_Concept -->
