<?xml version="1.0" encoding="UTF-8"?>
<!-- Generated by org.testng.reporters.JUnitReportReporter -->
<testsuite skipped="0" hostname="LAPTOP-9DSQ4N61" name="com.testng.features.Soft_Assert_Concept" tests="1" failures="0" timestamp="2022-01-21T21:22:09 IST" time="0.017" errors="0">
  <testcase name="demo_Password" time="0.017" classname="com.testng.features.Soft_Assert_Concept"/>
  <system-out/>
</testsuite> <!-- com.testng.features.Soft_Assert_Concept -->
