<?xml version="1.0" encoding="UTF-8"?>
<!-- Generated by org.testng.reporters.JUnitReportReporter -->
<testsuite skipped="0" hostname="LAPTOP-9DSQ4N61" name="com.testng.features.Dependency_Concept" tests="3" failures="0" timestamp="2022-01-20T21:09:10 IST" time="0.013" errors="0">
  <testcase name="twelth" time="0.003" classname="com.testng.features.Dependency_Concept"/>
  <system-out/>
  <testcase name="tenth" time="0.009" classname="com.testng.features.Dependency_Concept"/>
  <system-out/>
  <testcase name="college" time="0.001" classname="com.testng.features.Dependency_Concept"/>
  <system-out/>
</testsuite> <!-- com.testng.features.Dependency_Concept -->
